# JRE version: OpenJDK Runtime Environment (Zulu 8.52.0.23-CA-win64) (8.0_282-b08) (build 1.8.0_282-b08)
# Java VM: OpenJDK 64-Bit Server VM (25.282-b08 mixed mode windows-amd64 compressed oops)
Heap:
 PSYoungGen      total 257024K, used 73568K [0x00000000e0000000, 0x00000000f2200000, 0x0000000100000000)
  eden space 240640K, 23% used [0x00000000e0000000,0x00000000e37da730,0x00000000eeb00000)
  from space 16384K, 99% used [0x00000000f0280000,0x00000000f127da58,0x00000000f1280000)
  to   space 24064K, 0% used [0x00000000eeb00000,0x00000000eeb00000,0x00000000f0280000)
 ParOldGen       total 347136K, used 27322K [0x00000000a0000000, 0x00000000b5300000, 0x00000000e0000000)
  object space 347136K, 7% used [0x00000000a0000000,0x00000000a1aaea40,0x00000000b5300000)
 Metaspace       used 51391K, capacity 54858K, committed 55168K, reserved 1095680K
  class space    used 7366K, capacity 7960K, committed 8064K, reserved 1048576K
GC Heap History (10 events):
Event: 3.976 GC heap before
{Heap before GC invocations=4 (full 1):
 PSYoungGen      total 151552K, used 130048K [0x00000000e0000000, 0x00000000ea900000, 0x0000000100000000)
  eden space 130048K, 100% used [0x00000000e0000000,0x00000000e7f00000,0x00000000e7f00000)
  from space 21504K, 0% used [0x00000000e9400000,0x00000000e9400000,0x00000000ea900000)
  to   space 21504K, 0% used [0x00000000e7f00000,0x00000000e7f00000,0x00000000e9400000)
 ParOldGen       total 222720K, used 14075K [0x00000000a0000000, 0x00000000ad980000, 0x00000000e0000000)
  object space 222720K, 6% used [0x00000000a0000000,0x00000000a0dbeef0,0x00000000ad980000)
 Metaspace       used 31852K, capacity 32460K, committed 32640K, reserved 1077248K
  class space    used 4421K, capacity 4625K, committed 4736K, reserved 1048576K
Event: 3.983 GC heap after
Heap after GC invocations=4 (full 1):
 PSYoungGen      total 151552K, used 13376K [0x00000000e0000000, 0x00000000ed800000, 0x0000000100000000)
  eden space 130048K, 0% used [0x00000000e0000000,0x00000000e0000000,0x00000000e7f00000)
  from space 21504K, 62% used [0x00000000e7f00000,0x00000000e8c100f0,0x00000000e9400000)
  to   space 21504K, 0% used [0x00000000ec300000,0x00000000ec300000,0x00000000ed800000)
 ParOldGen       total 222720K, used 14083K [0x00000000a0000000, 0x00000000ad980000, 0x00000000e0000000)
  object space 222720K, 6% used [0x00000000a0000000,0x00000000a0dc0ef0,0x00000000ad980000)
 Metaspace       used 31852K, capacity 32460K, committed 32640K, reserved 1077248K
  class space    used 4421K, capacity 4625K, committed 4736K, reserved 1048576K
}
Event: 4.312 GC heap before
{Heap before GC invocations=5 (full 1):
 PSYoungGen      total 151552K, used 63638K [0x00000000e0000000, 0x00000000ed800000, 0x0000000100000000)
  eden space 130048K, 38% used [0x00000000e0000000,0x00000000e3115758,0x00000000e7f00000)
  from space 21504K, 62% used [0x00000000e7f00000,0x00000000e8c100f0,0x00000000e9400000)
  to   space 21504K, 0% used [0x00000000ec300000,0x00000000ec300000,0x00000000ed800000)
 ParOldGen       total 222720K, used 14083K [0x00000000a0000000, 0x00000000ad980000, 0x00000000e0000000)
  object space 222720K, 6% used [0x00000000a0000000,0x00000000a0dc0ef0,0x00000000ad980000)
 Metaspace       used 34711K, capacity 35432K, committed 35496K, reserved 1079296K
  class space    used 4909K, capacity 5111K, committed 5120K, reserved 1048576K
Event: 4.320 GC heap after
Heap after GC invocations=5 (full 1):
 PSYoungGen      total 199680K, used 10008K [0x00000000e0000000, 0x00000000ee500000, 0x0000000100000000)
  eden space 178176K, 0% used [0x00000000e0000000,0x00000000e0000000,0x00000000eae00000)
  from space 21504K, 46% used [0x00000000ec300000,0x00000000eccc62d8,0x00000000ed800000)
  to   space 21504K, 0% used [0x00000000eae00000,0x00000000eae00000,0x00000000ec300000)
 ParOldGen       total 222720K, used 14091K [0x00000000a0000000, 0x00000000ad980000, 0x00000000e0000000)
  object space 222720K, 6% used [0x00000000a0000000,0x00000000a0dc2ef0,0x00000000ad980000)
 Metaspace       used 34711K, capacity 35432K, committed 35496K, reserved 1079296K
  class space    used 4909K, capacity 5111K, committed 5120K, reserved 1048576K
}
Event: 4.320 GC heap before
{Heap before GC invocations=6 (full 2):
 PSYoungGen      total 199680K, used 10008K [0x00000000e0000000, 0x00000000ee500000, 0x0000000100000000)
  eden space 178176K, 0% used [0x00000000e0000000,0x00000000e0000000,0x00000000eae00000)
  from space 21504K, 46% used [0x00000000ec300000,0x00000000eccc62d8,0x00000000ed800000)
  to   space 21504K, 0% used [0x00000000eae00000,0x00000000eae00000,0x00000000ec300000)
 ParOldGen       total 222720K, used 14091K [0x00000000a0000000, 0x00000000ad980000, 0x00000000e0000000)
  object space 222720K, 6% used [0x00000000a0000000,0x00000000a0dc2ef0,0x00000000ad980000)
 Metaspace       used 34711K, capacity 35432K, committed 35496K, reserved 1079296K
  class space    used 4909K, capacity 5111K, committed 5120K, reserved 1048576K
Event: 4.352 GC heap after
Heap after GC invocations=6 (full 2):
 PSYoungGen      total 199680K, used 0K [0x00000000e0000000, 0x00000000ee500000, 0x0000000100000000)
  eden space 178176K, 0% used [0x00000000e0000000,0x00000000e0000000,0x00000000eae00000)
  from space 21504K, 0% used [0x00000000ec300000,0x00000000ec300000,0x00000000ed800000)
  to   space 21504K, 0% used [0x00000000eae00000,0x00000000eae00000,0x00000000ec300000)
 ParOldGen       total 347136K, used 16805K [0x00000000a0000000, 0x00000000b5300000, 0x00000000e0000000)
  object space 347136K, 4% used [0x00000000a0000000,0x00000000a10695a0,0x00000000b5300000)
 Metaspace       used 34711K, capacity 35432K, committed 35496K, reserved 1079296K
  class space    used 4909K, capacity 5111K, committed 5120K, reserved 1048576K
}
Event: 5.894 GC heap before
{Heap before GC invocations=7 (full 2):
 PSYoungGen      total 199680K, used 178176K [0x00000000e0000000, 0x00000000ee500000, 0x0000000100000000)
  eden space 178176K, 100% used [0x00000000e0000000,0x00000000eae00000,0x00000000eae00000)
  from space 21504K, 0% used [0x00000000ec300000,0x00000000ec300000,0x00000000ed800000)
  to   space 21504K, 0% used [0x00000000eae00000,0x00000000eae00000,0x00000000ec300000)
 ParOldGen       total 347136K, used 16805K [0x00000000a0000000, 0x00000000b5300000, 0x00000000e0000000)
  object space 347136K, 4% used [0x00000000a0000000,0x00000000a10695a0,0x00000000b5300000)
 Metaspace       used 43013K, capacity 44692K, committed 44928K, reserved 1087488K
  class space    used 6123K, capacity 6431K, committed 6528K, reserved 1048576K
Event: 5.904 GC heap after
Heap after GC invocations=7 (full 2):
 PSYoungGen      total 199680K, used 13655K [0x00000000e0000000, 0x00000000f1280000, 0x0000000100000000)
  eden space 178176K, 0% used [0x00000000e0000000,0x00000000e0000000,0x00000000eae00000)
  from space 21504K, 63% used [0x00000000eae00000,0x00000000ebb55c08,0x00000000ec300000)
  to   space 16384K, 0% used [0x00000000f0280000,0x00000000f0280000,0x00000000f1280000)
 ParOldGen       total 347136K, used 16813K [0x00000000a0000000, 0x00000000b5300000, 0x00000000e0000000)
  object space 347136K, 4% used [0x00000000a0000000,0x00000000a106b5a0,0x00000000b5300000)
 Metaspace       used 43013K, capacity 44692K, committed 44928K, reserved 1087488K
  class space    used 6123K, capacity 6431K, committed 6528K, reserved 1048576K
}
Event: 7.526 GC heap before
{Heap before GC invocations=8 (full 2):
 PSYoungGen      total 199680K, used 191831K [0x00000000e0000000, 0x00000000f1280000, 0x0000000100000000)
  eden space 178176K, 100% used [0x00000000e0000000,0x00000000eae00000,0x00000000eae00000)
  from space 21504K, 63% used [0x00000000eae00000,0x00000000ebb55c08,0x00000000ec300000)
  to   space 16384K, 0% used [0x00000000f0280000,0x00000000f0280000,0x00000000f1280000)
 ParOldGen       total 347136K, used 16813K [0x00000000a0000000, 0x00000000b5300000, 0x00000000e0000000)
  object space 347136K, 4% used [0x00000000a0000000,0x00000000a106b5a0,0x00000000b5300000)
 Metaspace       used 49737K, capacity 52532K, committed 52864K, reserved 1093632K
  class space    used 7174K, capacity 7686K, committed 7808K, reserved 1048576K
Event: 7.542 GC heap after
Heap after GC invocations=8 (full 2):
 PSYoungGen      total 257024K, used 16374K [0x00000000e0000000, 0x00000000f2200000, 0x0000000100000000)
  eden space 240640K, 0% used [0x00000000e0000000,0x00000000e0000000,0x00000000eeb00000)
  from space 16384K, 99% used [0x00000000f0280000,0x00000000f127da58,0x00000000f1280000)
  to   space 24064K, 0% used [0x00000000eeb00000,0x00000000eeb00000,0x00000000f0280000)
 ParOldGen       total 347136K, used 27322K [0x00000000a0000000, 0x00000000b5300000, 0x00000000e0000000)
  object space 347136K, 7% used [0x00000000a0000000,0x00000000a1aaea40,0x00000000b5300000)
 Metaspace       used 49737K, capacity 52532K, committed 52864K, reserved 1093632K
  class space    used 7174K, capacity 7686K, committed 7808K, reserved 1048576K
}

