# JRE version: OpenJDK Runtime Environment (Zulu 8.52.0.23-CA-win64) (8.0_282-b08) (build 1.8.0_282-b08)
# Java VM: OpenJDK 64-Bit Server VM (25.282-b08 mixed mode windows-amd64 compressed oops)
Heap:
 PSYoungGen      total 263168K, used 20870K [0x00000000e0000000, 0x00000000f2e00000, 0x0000000100000000)
  eden space 246272K, 1% used [0x00000000e0000000,0x00000000e03e4178,0x00000000ef080000)
  from space 16896K, 99% used [0x00000000f0900000,0x00000000f197da38,0x00000000f1980000)
  to   space 25088K, 0% used [0x00000000ef080000,0x00000000ef080000,0x00000000f0900000)
 ParOldGen       total 341504K, used 27948K [0x00000000a0000000, 0x00000000b4d80000, 0x00000000e0000000)
  object space 341504K, 8% used [0x00000000a0000000,0x00000000a1b4b3b8,0x00000000b4d80000)
 Metaspace       used 50351K, capacity 53056K, committed 53120K, reserved 1095680K
  class space    used 7238K, capacity 7756K, committed 7808K, reserved 1048576K
GC Heap History (10 events):
Event: 3.314 GC heap before
{Heap before GC invocations=4 (full 1):
 PSYoungGen      total 151552K, used 130048K [0x00000000e0000000, 0x00000000ea900000, 0x0000000100000000)
  eden space 130048K, 100% used [0x00000000e0000000,0x00000000e7f00000,0x00000000e7f00000)
  from space 21504K, 0% used [0x00000000e9400000,0x00000000e9400000,0x00000000ea900000)
  to   space 21504K, 0% used [0x00000000e7f00000,0x00000000e7f00000,0x00000000e9400000)
 ParOldGen       total 216576K, used 14020K [0x00000000a0000000, 0x00000000ad380000, 0x00000000e0000000)
  object space 216576K, 6% used [0x00000000a0000000,0x00000000a0db11b8,0x00000000ad380000)
 Metaspace       used 31867K, capacity 32460K, committed 32640K, reserved 1077248K
  class space    used 4426K, capacity 4625K, committed 4736K, reserved 1048576K
Event: 3.322 GC heap after
Heap after GC invocations=4 (full 1):
 PSYoungGen      total 151552K, used 13395K [0x00000000e0000000, 0x00000000edf00000, 0x0000000100000000)
  eden space 130048K, 0% used [0x00000000e0000000,0x00000000e0000000,0x00000000e7f00000)
  from space 21504K, 62% used [0x00000000e7f00000,0x00000000e8c14f78,0x00000000e9400000)
  to   space 21504K, 0% used [0x00000000eca00000,0x00000000eca00000,0x00000000edf00000)
 ParOldGen       total 216576K, used 14028K [0x00000000a0000000, 0x00000000ad380000, 0x00000000e0000000)
  object space 216576K, 6% used [0x00000000a0000000,0x00000000a0db31b8,0x00000000ad380000)
 Metaspace       used 31867K, capacity 32460K, committed 32640K, reserved 1077248K
  class space    used 4426K, capacity 4625K, committed 4736K, reserved 1048576K
}
Event: 3.633 GC heap before
{Heap before GC invocations=5 (full 1):
 PSYoungGen      total 151552K, used 63658K [0x00000000e0000000, 0x00000000edf00000, 0x0000000100000000)
  eden space 130048K, 38% used [0x00000000e0000000,0x00000000e31158c8,0x00000000e7f00000)
  from space 21504K, 62% used [0x00000000e7f00000,0x00000000e8c14f78,0x00000000e9400000)
  to   space 21504K, 0% used [0x00000000eca00000,0x00000000eca00000,0x00000000edf00000)
 ParOldGen       total 216576K, used 14028K [0x00000000a0000000, 0x00000000ad380000, 0x00000000e0000000)
  object space 216576K, 6% used [0x00000000a0000000,0x00000000a0db31b8,0x00000000ad380000)
 Metaspace       used 34714K, capacity 35432K, committed 35496K, reserved 1079296K
  class space    used 4913K, capacity 5111K, committed 5120K, reserved 1048576K
Event: 3.639 GC heap after
Heap after GC invocations=5 (full 1):
 PSYoungGen      total 206848K, used 10056K [0x00000000e0000000, 0x00000000ee600000, 0x0000000100000000)
  eden space 185344K, 0% used [0x00000000e0000000,0x00000000e0000000,0x00000000eb500000)
  from space 21504K, 46% used [0x00000000eca00000,0x00000000ed3d20b8,0x00000000edf00000)
  to   space 21504K, 0% used [0x00000000eb500000,0x00000000eb500000,0x00000000eca00000)
 ParOldGen       total 216576K, used 14036K [0x00000000a0000000, 0x00000000ad380000, 0x00000000e0000000)
  object space 216576K, 6% used [0x00000000a0000000,0x00000000a0db51b8,0x00000000ad380000)
 Metaspace       used 34714K, capacity 35432K, committed 35496K, reserved 1079296K
  class space    used 4913K, capacity 5111K, committed 5120K, reserved 1048576K
}
Event: 3.639 GC heap before
{Heap before GC invocations=6 (full 2):
 PSYoungGen      total 206848K, used 10056K [0x00000000e0000000, 0x00000000ee600000, 0x0000000100000000)
  eden space 185344K, 0% used [0x00000000e0000000,0x00000000e0000000,0x00000000eb500000)
  from space 21504K, 46% used [0x00000000eca00000,0x00000000ed3d20b8,0x00000000edf00000)
  to   space 21504K, 0% used [0x00000000eb500000,0x00000000eb500000,0x00000000eca00000)
 ParOldGen       total 216576K, used 14036K [0x00000000a0000000, 0x00000000ad380000, 0x00000000e0000000)
  object space 216576K, 6% used [0x00000000a0000000,0x00000000a0db51b8,0x00000000ad380000)
 Metaspace       used 34714K, capacity 35432K, committed 35496K, reserved 1079296K
  class space    used 4913K, capacity 5111K, committed 5120K, reserved 1048576K
Event: 3.669 GC heap after
Heap after GC invocations=6 (full 2):
 PSYoungGen      total 206848K, used 0K [0x00000000e0000000, 0x00000000ee600000, 0x0000000100000000)
  eden space 185344K, 0% used [0x00000000e0000000,0x00000000e0000000,0x00000000eb500000)
  from space 21504K, 0% used [0x00000000eca00000,0x00000000eca00000,0x00000000edf00000)
  to   space 21504K, 0% used [0x00000000eb500000,0x00000000eb500000,0x00000000eca00000)
 ParOldGen       total 341504K, used 16809K [0x00000000a0000000, 0x00000000b4d80000, 0x00000000e0000000)
  object space 341504K, 4% used [0x00000000a0000000,0x00000000a106a418,0x00000000b4d80000)
 Metaspace       used 34714K, capacity 35432K, committed 35496K, reserved 1079296K
  class space    used 4913K, capacity 5111K, committed 5120K, reserved 1048576K
}
Event: 4.999 GC heap before
{Heap before GC invocations=7 (full 2):
 PSYoungGen      total 206848K, used 185344K [0x00000000e0000000, 0x00000000ee600000, 0x0000000100000000)
  eden space 185344K, 100% used [0x00000000e0000000,0x00000000eb500000,0x00000000eb500000)
  from space 21504K, 0% used [0x00000000eca00000,0x00000000eca00000,0x00000000edf00000)
  to   space 21504K, 0% used [0x00000000eb500000,0x00000000eb500000,0x00000000eca00000)
 ParOldGen       total 341504K, used 16809K [0x00000000a0000000, 0x00000000b4d80000, 0x00000000e0000000)
  object space 341504K, 4% used [0x00000000a0000000,0x00000000a106a418,0x00000000b4d80000)
 Metaspace       used 43154K, capacity 44810K, committed 44928K, reserved 1087488K
  class space    used 6130K, capacity 6432K, committed 6528K, reserved 1048576K
Event: 5.009 GC heap after
Heap after GC invocations=7 (full 2):
 PSYoungGen      total 206848K, used 14288K [0x00000000e0000000, 0x00000000f1980000, 0x0000000100000000)
  eden space 185344K, 0% used [0x00000000e0000000,0x00000000e0000000,0x00000000eb500000)
  from space 21504K, 66% used [0x00000000eb500000,0x00000000ec2f4120,0x00000000eca00000)
  to   space 16896K, 0% used [0x00000000f0900000,0x00000000f0900000,0x00000000f1980000)
 ParOldGen       total 341504K, used 16817K [0x00000000a0000000, 0x00000000b4d80000, 0x00000000e0000000)
  object space 341504K, 4% used [0x00000000a0000000,0x00000000a106c418,0x00000000b4d80000)
 Metaspace       used 43154K, capacity 44810K, committed 44928K, reserved 1087488K
  class space    used 6130K, capacity 6432K, committed 6528K, reserved 1048576K
}
Event: 6.621 GC heap before
{Heap before GC invocations=8 (full 2):
 PSYoungGen      total 206848K, used 199632K [0x00000000e0000000, 0x00000000f1980000, 0x0000000100000000)
  eden space 185344K, 100% used [0x00000000e0000000,0x00000000eb500000,0x00000000eb500000)
  from space 21504K, 66% used [0x00000000eb500000,0x00000000ec2f4120,0x00000000eca00000)
  to   space 16896K, 0% used [0x00000000f0900000,0x00000000f0900000,0x00000000f1980000)
 ParOldGen       total 341504K, used 16817K [0x00000000a0000000, 0x00000000b4d80000, 0x00000000e0000000)
  object space 341504K, 4% used [0x00000000a0000000,0x00000000a106c418,0x00000000b4d80000)
 Metaspace       used 50040K, capacity 52768K, committed 52864K, reserved 1093632K
  class space    used 7209K, capacity 7724K, committed 7808K, reserved 1048576K
Event: 6.643 GC heap after
Heap after GC invocations=8 (full 2):
 PSYoungGen      total 263168K, used 16886K [0x00000000e0000000, 0x00000000f2e00000, 0x0000000100000000)
  eden space 246272K, 0% used [0x00000000e0000000,0x00000000e0000000,0x00000000ef080000)
  from space 16896K, 99% used [0x00000000f0900000,0x00000000f197da38,0x00000000f1980000)
  to   space 25088K, 0% used [0x00000000ef080000,0x00000000ef080000,0x00000000f0900000)
 ParOldGen       total 341504K, used 27948K [0x00000000a0000000, 0x00000000b4d80000, 0x00000000e0000000)
  object space 341504K, 8% used [0x00000000a0000000,0x00000000a1b4b3b8,0x00000000b4d80000)
 Metaspace       used 50040K, capacity 52768K, committed 52864K, reserved 1093632K
  class space    used 7209K, capacity 7724K, committed 7808K, reserved 1048576K
}

